<?xml version="1.0" encoding="UTF-8"?>
<testsuite name="package3.TestClass8" tests="2" skipped="0" failures="0" errors="0" timestamp="2019-08-08T22:35:17" hostname="Jeetendras-MacBook-Pro.local" time="22.007">
  <properties/>
  <testcase name="TestMehod1" classname="package3.TestClass8" time="12.003"/>
  <testcase name="TestMehod2" classname="package3.TestClass8" time="10.004"/>
  <system-out><![CDATA[SampleClass2.SampleMethod1
SampleClass2.SampleMethod2
]]></system-out>
  <system-err><![CDATA[]]></system-err>
</testsuite>
