<?xml version="1.0" encoding="UTF-8"?>
<testsuite name="package1.TestClass1" tests="2" skipped="0" failures="0" errors="0" timestamp="2019-08-08T22:35:39" hostname="Jeetendras-MacBook-Pro.local" time="22.008">
  <properties/>
  <testcase name="TestMehod1" classname="package1.TestClass1" time="12.005"/>
  <testcase name="TestMehod2" classname="package1.TestClass1" time="10.003"/>
  <system-out><![CDATA[SampleClass1.SampleMethod1
SampleClass1.SampleMethod2
]]></system-out>
  <system-err><![CDATA[]]></system-err>
</testsuite>
